<?xml version="1.0" encoding="UTF-8"?>
<!-- Generated by org.testng.reporters.JUnitReportReporter -->
<testsuite hostname="DESKTOP-CO84QLD" failures="0" tests="2" name="seleniumbatch.Testing1" time="0.023" errors="0" timestamp="2023-08-20T20:13:58 BDT" skipped="0">
  <testcase classname="seleniumbatch.Testing1" name="TestTitle" time="0.015"/>
  <system-out/>
  <testcase classname="seleniumbatch.Testing1" name="TestUrl" time="0.008"/>
  <system-out/>
</testsuite> <!-- seleniumbatch.Testing1 -->
